<?xml version="1.0" encoding="UTF-8"?>
<testng-results ignored="0" total="2" passed="2" failed="0" skipped="0">
  <reporter-output>
  </reporter-output>
  <suite started-at="2019-06-03T13:15:57Z" name="Suite" finished-at="2019-06-03T13:16:20Z" duration-ms="22454">
    <groups>
    </groups>
    <test started-at="2019-06-03T13:15:57Z" name="Test" finished-at="2019-06-03T13:16:20Z" duration-ms="22454">
      <class name="com.test.framework.HomePageTest">
        <test-method is-config="true" signature="openBrowser()[pri:0, instance:com.test.framework.HomePageTest@3bd418e4]" started-at="2019-06-03T13:15:57Z" name="openBrowser" finished-at="2019-06-03T13:16:01Z" duration-ms="3945" status="PASS">
          <reporter-output>
          </reporter-output>
        </test-method> <!-- openBrowser -->
        <test-method signature="navigatingToPage(java.lang.String, java.lang.String)[pri:0, instance:com.test.framework.HomePageTest@3bd418e4]" started-at="2019-06-03T13:16:02Z" name="navigatingToPage" data-provider="testData" finished-at="2019-06-03T13:16:16Z" duration-ms="13997" status="PASS">
          <params>
            <param index="0">
              <value>
                <![CDATA[userName1]]>
              </value>
            </param>
            <param index="1">
              <value>
                <![CDATA[bksfgsgf@gals.com]]>
              </value>
            </param>
          </params>
          <reporter-output>
          </reporter-output>
        </test-method> <!-- navigatingToPage -->
        <test-method signature="navigatingToPage(java.lang.String, java.lang.String)[pri:0, instance:com.test.framework.HomePageTest@3bd418e4]" started-at="2019-06-03T13:16:16Z" name="navigatingToPage" data-provider="testData" finished-at="2019-06-03T13:16:20Z" duration-ms="4223" status="PASS">
          <params>
            <param index="0">
              <value>
                <![CDATA[userName2]]>
              </value>
            </param>
            <param index="1">
              <value>
                <![CDATA[bksfgsgf@gals.com]]>
              </value>
            </param>
          </params>
          <reporter-output>
          </reporter-output>
        </test-method> <!-- navigatingToPage -->
        <test-method is-config="true" signature="close()[pri:0, instance:com.test.framework.HomePageTest@3bd418e4]" started-at="2019-06-03T13:16:20Z" name="close" finished-at="2019-06-03T13:16:20Z" duration-ms="148" status="PASS">
          <reporter-output>
          </reporter-output>
        </test-method> <!-- close -->
      </class> <!-- com.test.framework.HomePageTest -->
    </test> <!-- Test -->
  </suite> <!-- Suite -->
</testng-results>
