<?xml version="1.0" encoding="UTF-8"?>
<testng-results skipped="0" failed="0" ignored="0" total="1" passed="1">
  <reporter-output>
  </reporter-output>
  <suite name="Default suite" duration-ms="6234" started-at="2019-05-29T11:23:38Z" finished-at="2019-05-29T11:23:44Z">
    <groups>
    </groups>
    <test name="Default test" duration-ms="6234" started-at="2019-05-29T11:23:38Z" finished-at="2019-05-29T11:23:44Z">
      <class name="com.test.framework.base">
        <test-method status="PASS" signature="initializeDriver()[pri:0, instance:com.test.framework.base@464bee09]" name="initializeDriver" duration-ms="6215" started-at="2019-05-29T11:23:38Z" finished-at="2019-05-29T11:23:44Z">
          <reporter-output>
          </reporter-output>
        </test-method> <!-- initializeDriver -->
      </class> <!-- com.test.framework.base -->
    </test> <!-- Default test -->
  </suite> <!-- Default suite -->
</testng-results>
